Arguments: 
  C:\Program Files\nodejs\node.exe C:\Program Files (x86)\Yarn\bin\yarn.js add react-navigation

PATH: 
  C:\ProgramData\Oracle\Java\javapath;c:\Program Files (x86)\AMD APP\bin\x86_64;c:\Program Files (x86)\AMD APP\bin\x86;c:\Program Files (x86)\Intel\iCLS Client\;c:\Program Files\Intel\iCLS Client\;C:\WINDOWS\system32;C:\WINDOWS;C:\WINDOWS\System32\Wbem;C:\WINDOWS\System32\WindowsPowerShell\v1.0\;C:\Program Files\Intel\Intel(R) Management Engine Components\DAL;C:\Program Files\Intel\Intel(R) Management Engine Components\IPT;C:\Program Files (x86)\Intel\Intel(R) Management Engine Components\DAL;C:\Program Files (x86)\Intel\Intel(R) Management Engine Components\IPT;c:\Program Files (x86)\ATI Technologies\ATI.ACE\Core-Static;C:\Program Files (x86)\Windows Live\Shared;C:\Program Files\Intel\WiFi\bin\;C:\Program Files\Common Files\Intel\WirelessCommon\;C:\Program Files (x86)\Windows Kits\8.1\Windows Performance Toolkit\;C:\Program Files\Microsoft SQL Server\110\Tools\Binn\;C:\Program Files (x86)\Microsoft SDKs\TypeScript\1.0\;C:\Program Files\Microsoft SQL Server\120\Tools\Binn\;C:\Program Files (x86)\Skype\Phone\;c:\Program Files (x86)\Microsoft SQL Server\110\Tools\Binn\ManagementStudio\;c:\Program Files (x86)\Microsoft SQL Server\110\Tools\Binn\;c:\Program Files (x86)\Microsoft SQL Server\110\DTS\Binn\;C:\Users\ManjeetSingh\Downloads\android-sdk-windows\platform-tools;C:\ProgramData\chocolatey\bin;C:\tools\python2;C:\Program Files\nodejs\;C:\Users\ManjeetSingh\AppData\Local\Android\sdk\platform-tools;C:\Program Files\Java\jdk1.8.0_91;C:\Program Files\Git\cmd;C:\sqlite;C:\Program Files\Java\jdk1.8.0_91\bin;C:\openssl\bin;C:\openssl\bin\openssl;C:\Program Files (x86)\Yarn\bin;C:\Users\ManjeetSingh\AppData\Roaming\npm;C:\Users\ManjeetSingh\AppData\Local\Microsoft\WindowsApps;C:\Program Files (x86)\Microsoft VS Code\bin;C:\Users\ManjeetSingh\AppData\Local\Yarn\.bin

Yarn version: 
  0.21.3

Node version: 
  6.2.2

Platform: 
  win32 x64

npm manifest: 
  {
    "name": "up-care",
    "version": "0.0.0",
    "description": "Hello Expo!",
    "author": null,
    "private": true,
    "main": "main.js",
    "dependencies": {
      "expo": "16.0.0",
      "react": "16.0.0-alpha.6",
      "react-native": "https://github.com/exponent/react-native/archive/sdk-16.0.0.tar.gz"
    }
  }

yarn manifest: 
  No manifest

Lockfile: 
  No lockfile

Trace: 
  Error: EPERM: operation not permitted, unlink 'C:\Freelancing\UPCARE\up-care\node_modules\duplexer2\node_modules\isarray\build'
      at Error (native)
